arms_armour.json: "variants" key exists
arms_bracers.json: "variants" key exists
arms_gloves.json: "variants" key exists
backpack.json: "variants" key exists
backpack_basket.json: "variants" key exists
backpack_contents_ore.json: "variants" key exists
backpack_contents_wood.json: "variants" key exists
backpack_jetpack.json: "variants" key exists
backpack_jetpack_fins.json: "variants" key exists
backpack_squarepack.json: "variants" key exists
backpack_straps.json: "variants" key exists
bauldron.json: "variants" key exists
beards_5oclock_shadow.json: "variants" key exists
beards_beard.json: "variants" key exists
beards_bigstache.json: "variants" key exists
beards_chevron.json: "variants" key exists
beards_french.json: "variants" key exists
beards_handlebar.json: "variants" key exists
beards_horseshoe.json: "variants" key exists
beards_lampshade.json: "variants" key exists
beards_medium.json: "variants" key exists
beards_mustache.json: "variants" key exists
beards_trimmed.json: "variants" key exists
beards_walrus.json: "variants" key exists
beards_winter.json: "variants" key exists
belt_belly.json: "variants" key exists
belt_double.json: "variants" key exists
belt_leather.json: "variants" key exists
belt_loose.json: "variants" key exists
belt_obi.json: "variants" key exists
belt_obi_knot_left.json: "variants" key exists
belt_obi_knot_right.json: "variants" key exists
belt_other_female.json: "variants" key exists
belt_other_male.json: "variants" key exists
belt_sash.json: "variants" key exists
belt_sash_narrow.json: "variants" key exists
belt_sash_obi.json: "variants" key exists
belt_waistband.json: "variants" key exists
body.json: "variants" key exists
body_skeleton.json: "variants" key exists
body_zombie.json: "variants" key exists
buckles.json: "variants" key exists
cape_solid.json: "variants" key exists
cape_tattered.json: "variants" key exists
cape_trim.json: "variants" key exists
dress_bodice.json: "variants" key exists
dress_kimono.json: "variants" key exists
dress_kimono_longsleeve.json: "variants" key exists
dress_kimono_longsleeve_trim.json: "variants" key exists
dress_kimono_oversize.json: "variants" key exists
dress_kimono_oversize_trim.json: "variants" key exists
dress_kimono_split.json: "variants" key exists
dress_kimono_split_trim.json: "variants" key exists
dress_kimono_trim.json: "variants" key exists
dress_sash.json: "variants" key exists
dress_slit.json: "variants" key exists
eyebrows_thick.json: "variants" key exists
eyebrows_thin.json: "variants" key exists
eyes.json: "variants" key exists
eyes_cyclops.json: "variants" key exists
facial_earring_left.json: "variants" key exists
facial_earring_right.json: "variants" key exists
facial_eyepatch2_left.json: "variants" key exists
facial_eyepatch2_right.json: "variants" key exists
facial_eyepatch_ambi.json: "variants" key exists
facial_eyepatch_left.json: "variants" key exists
facial_eyepatch_right.json: "variants" key exists
facial_eyepatch_small_left.json: "variants" key exists
facial_eyepatch_small_right.json: "variants" key exists
facial_glasses.json: "variants" key exists
facial_glasses_halfmoon.json: "variants" key exists
facial_glasses_nerd.json: "variants" key exists
facial_glasses_round.json: "variants" key exists
facial_glasses_secretary.json: "variants" key exists
facial_glasses_shades.json: "variants" key exists
facial_glasses_sunglasses.json: "variants" key exists
facial_mask_plain.json: "variants" key exists
facial_monocle_left.json: "variants" key exists
facial_monocle_left_frame.json: "variants" key exists
facial_monocle_right.json: "variants" key exists
facial_monocle_right_frame.json: "variants" key exists
feet_armour.json: "variants" key exists
feet_boots.json: "variants" key exists
feet_boots2.json: "variants" key exists
feet_boots_fold.json: "variants" key exists
feet_boots_plate.json: "variants" key exists
feet_boots_rim.json: "variants" key exists
feet_ghillies.json: "variants" key exists
feet_hoofs.json: "variants" key exists
feet_sandals.json: "variants" key exists
feet_sara.json: "variants" key exists
feet_shoes.json: "variants" key exists
feet_shoes2.json: "variants" key exists
feet_slippers.json: "variants" key exists
feet_socks_ankle.json: "variants" key exists
feet_socks_high.json: "variants" key exists
feet_socks_tabi.json: "variants" key exists
hairext_braidl.json: "variants" key exists
hairext_braidr.json: "variants" key exists
hairext_topknot_long.json: "variants" key exists
hairext_topknot_short.json: "variants" key exists
hairext_xlong_bangl.json: "variants" key exists
hairext_xlong_bangr.json: "variants" key exists
hairext_xlong_braidl.json: "variants" key exists
hairext_xlong_braidr.json: "variants" key exists
hair_afro.json: "variants" key exists
hair_balding.json: "variants" key exists
hair_bangs.json: "variants" key exists
hair_bangslong.json: "variants" key exists
hair_bangslong2.json: "variants" key exists
hair_bangsshort.json: "variants" key exists
hair_bangs_bun.json: "variants" key exists
hair_bedhead.json: "variants" key exists
hair_bob.json: "variants" key exists
hair_bob_side_part.json: "variants" key exists
hair_braid.json: "variants" key exists
hair_braid2.json: "variants" key exists
hair_bunches.json: "variants" key exists
hair_buzzcut.json: "variants" key exists
hair_cornrows.json: "variants" key exists
hair_cowlick.json: "variants" key exists
hair_cowlick_tall.json: "variants" key exists
hair_curly_long.json: "variants" key exists
hair_curly_short.json: "variants" key exists
hair_curly_short2.json: "variants" key exists
hair_curtains.json: "variants" key exists
hair_curtains_long.json: "variants" key exists
hair_dreadlocks_long.json: "variants" key exists
hair_dreadlocks_short.json: "variants" key exists
hair_flat_top_fade.json: "variants" key exists
hair_flat_top_straight.json: "variants" key exists
hair_halfmessy.json: "variants" key exists
hair_half_up.json: "variants" key exists
hair_high_and_tight.json: "variants" key exists
hair_high_ponytail.json: "variants" key exists
hair_idol.json: "variants" key exists
hair_jewfro.json: "variants" key exists
hair_lob.json: "variants" key exists
hair_long.json: "variants" key exists
hair_longhawk.json: "variants" key exists
hair_long_band.json: "variants" key exists
hair_long_center_part.json: "variants" key exists
hair_long_messy.json: "variants" key exists
hair_long_messy2.json: "variants" key exists
hair_long_straight.json: "variants" key exists
hair_long_tied.json: "variants" key exists
hair_loose.json: "variants" key exists
hair_messed.json: "variants" key exists
hair_messy1.json: "variants" key exists
hair_messy2.json: "variants" key exists
hair_messy3.json: "variants" key exists
hair_mop.json: "variants" key exists
hair_natural.json: "variants" key exists
hair_page.json: "variants" key exists
hair_page2.json: "variants" key exists
hair_parted.json: "variants" key exists
hair_parted2.json: "variants" key exists
hair_parted3.json: "variants" key exists
hair_parted_side_bangs.json: "variants" key exists
hair_parted_side_bangs2.json: "variants" key exists
hair_pigtails.json: "variants" key exists
hair_pigtails_bangs.json: "variants" key exists
hair_pixie.json: "variants" key exists
hair_plain.json: "variants" key exists
hair_ponytail.json: "variants" key exists
hair_ponytail2.json: "variants" key exists
hair_princess.json: "variants" key exists
hair_relm_ponytail.json: "variants" key exists
hair_relm_short.json: "variants" key exists
hair_sara.json: "variants" key exists
hair_shorthawk.json: "variants" key exists
hair_shoulderl.json: "variants" key exists
hair_shoulderr.json: "variants" key exists
hair_single.json: "variants" key exists
hair_spiked.json: "variants" key exists
hair_spiked2.json: "variants" key exists
hair_spiked_beehive.json: "variants" key exists
hair_spiked_liberty.json: "variants" key exists
hair_spiked_liberty2.json: "variants" key exists
hair_spiked_porcupine.json: "variants" key exists
hair_swoop.json: "variants" key exists
hair_swoop_side.json: "variants" key exists
hair_topknot_long.json: "variants" key exists
hair_topknot_long2.json: "variants" key exists
hair_topknot_short.json: "variants" key exists
hair_topknot_short2.json: "variants" key exists
hair_twists_fade.json: "variants" key exists
hair_twists_straight.json: "variants" key exists
hair_unkempt.json: "variants" key exists
hair_wavy.json: "variants" key exists
hair_xlong.json: "variants" key exists
hat_accessory_crest.json: "variants" key exists
hat_accessory_crest_centurion.json: "variants" key exists
hat_accessory_horns_downward.json: "variants" key exists
hat_accessory_horns_short.json: "variants" key exists
hat_accessory_horns_upward.json: "variants" key exists
hat_accessory_plumage.json: "variants" key exists
hat_accessory_plumage_centurion.json: "variants" key exists
hat_accessory_plumage_legion.json: "variants" key exists
hat_accessory_wings.json: "variants" key exists
hat_bandana.json: "variants" key exists
hat_bandana2.json: "variants" key exists
hat_bandana_pirate.json: "variants" key exists
hat_bandana_pirate_skull.json: "variants" key exists
hat_cap_bonnie.json: "variants" key exists
hat_cap_bonnie_feather.json: "variants" key exists
hat_cap_bonnie_tilt.json: "variants" key exists
hat_cap_bonnie_trim.json: "variants" key exists
hat_cap_cavalier.json: "variants" key exists
hat_cap_cavalier_feather.json: "variants" key exists
hat_cap_feather.json: "variants" key exists
hat_cap_feather_alt.json: "variants" key exists
hat_formal_bowler.json: "variants" key exists
hat_formal_crown.json: "variants" key exists
hat_formal_tiara.json: "variants" key exists
hat_formal_tophat.json: "variants" key exists
hat_headband_hairtie.json: "variants" key exists
hat_headband_hairtie_rune.json: "variants" key exists
hat_headband_kerchief.json: "variants" key exists
hat_headband_thick.json: "variants" key exists
hat_headband_thick_rune.json: "variants" key exists
hat_headband_tied.json: "variants" key exists
hat_helmet_armet.json: "variants" key exists
hat_helmet_armet_simple.json: "variants" key exists
hat_helmet_barbarian.json: "variants" key exists
hat_helmet_barbarian_nasal.json: "variants" key exists
hat_helmet_barbarian_viking.json: "variants" key exists
hat_helmet_barbuta.json: "variants" key exists
hat_helmet_barbuta_simple.json: "variants" key exists
hat_helmet_bascinet.json: "variants" key exists
hat_helmet_bascinet_pigface.json: "variants" key exists
hat_helmet_bascinet_pigface_raised.json: "variants" key exists
hat_helmet_bascinet_round.json: "variants" key exists
hat_helmet_bascinet_round_raised.json: "variants" key exists
hat_helmet_close.json: "variants" key exists
hat_helmet_flattop.json: "variants" key exists
hat_helmet_greathelm.json: "variants" key exists
hat_helmet_horned.json: "variants" key exists
hat_helmet_kettle.json: "variants" key exists
hat_helmet_legion.json: "variants" key exists
hat_helmet_mail.json: "variants" key exists
hat_helmet_maximus.json: "variants" key exists
hat_helmet_morion.json: "variants" key exists
hat_helmet_nasal.json: "variants" key exists
hat_helmet_norman.json: "variants" key exists
hat_helmet_pointed.json: "variants" key exists
hat_helmet_spangenhelm.json: "variants" key exists
hat_helmet_spangenhelm_viking.json: "variants" key exists
hat_helmet_sugarloaf.json: "variants" key exists
hat_helmet_sugarloaf_simple.json: "variants" key exists
hat_helmet_xeon.json: "variants" key exists
hat_holiday_christmas.json: "variants" key exists
hat_holiday_elf.json: "variants" key exists
hat_holiday_santa.json: "variants" key exists
hat_hood_cloth.json: "variants" key exists
hat_hood_hijab.json: "variants" key exists
hat_hood_sack_cloth.json: "variants" key exists
hat_magic_misc.json: "variants" key exists
hat_magic_wizard.json: "variants" key exists
hat_magic_wizard_belt.json: "variants" key exists
hat_magic_wizard_buckle.json: "variants" key exists
hat_pirate_bicorne_athwart.json: "variants" key exists
hat_pirate_bicorne_athwart_admiral.json: "variants" key exists
hat_pirate_bicorne_athwart_admiral_cockade.json: "variants" key exists
hat_pirate_bicorne_athwart_commodore.json: "variants" key exists
hat_pirate_bicorne_athwart_pirate.json: "variants" key exists
hat_pirate_bicorne_foreaft.json: "variants" key exists
hat_pirate_bicorne_foreaft_commodore.json: "variants" key exists
hat_pirate_tricorne.json: "variants" key exists
hat_pirate_tricorne_captain.json: "variants" key exists
hat_pirate_tricorne_captain_pirate.json: "variants" key exists
hat_pirate_tricorne_lieutenant.json: "variants" key exists
hat_pirate_tricorne_stitched.json: "variants" key exists
hat_pirate_tricorne_thatch.json: "variants" key exists
hat_visor_grated.json: "variants" key exists
hat_visor_grated_narrow.json: "variants" key exists
hat_visor_horned.json: "variants" key exists
hat_visor_pigface.json: "variants" key exists
hat_visor_pigface_raised.json: "variants" key exists
hat_visor_round.json: "variants" key exists
hat_visor_round_raised.json: "variants" key exists
hat_visor_slit.json: "variants" key exists
hat_visor_slit_narrow.json: "variants" key exists
heads_alien.json: "variants" key exists
heads_boarman.json: "variants" key exists
heads_boarman_child.json: "variants" key exists
heads_frankenstein.json: "variants" key exists
heads_goblin.json: "variants" key exists
heads_goblin_child.json: "variants" key exists
heads_human_child.json: "variants" key exists
heads_human_elderly_small.json: "variants" key exists
heads_human_female.json: "variants" key exists
heads_human_female_elderly.json: "variants" key exists
heads_human_female_small.json: "variants" key exists
heads_human_male.json: "variants" key exists
heads_human_male_elderly.json: "variants" key exists
heads_human_male_gaunt.json: "variants" key exists
heads_human_male_plump.json: "variants" key exists
heads_human_male_small.json: "variants" key exists
heads_jack.json: "variants" key exists
heads_lizard_child.json: "variants" key exists
heads_lizard_female.json: "variants" key exists
heads_lizard_male.json: "variants" key exists
heads_minotaur.json: "variants" key exists
heads_minotaur_child.json: "variants" key exists
heads_minotaur_female.json: "variants" key exists
heads_mouse.json: "variants" key exists
heads_mouse_child.json: "variants" key exists
heads_orc_child.json: "variants" key exists
heads_orc_female.json: "variants" key exists
heads_orc_male.json: "variants" key exists
heads_pig.json: "variants" key exists
heads_pig_child.json: "variants" key exists
heads_rabbit.json: "variants" key exists
heads_rabbit_child.json: "variants" key exists
heads_rat.json: "variants" key exists
heads_rat_child.json: "variants" key exists
heads_sheep.json: "variants" key exists
heads_sheep_child.json: "variants" key exists
heads_skeleton.json: "variants" key exists
heads_troll.json: "variants" key exists
heads_troll_child.json: "variants" key exists
heads_vampire.json: "variants" key exists
heads_wartotaur.json: "variants" key exists
heads_wolf_child.json: "variants" key exists
heads_wolf_female.json: "variants" key exists
heads_wolf_male.json: "variants" key exists
heads_zombie.json: "variants" key exists
head_ears_avyon.json: "variants" key exists
head_ears_avyon_skin.json: "variants" key exists
head_ears_big.json: "variants" key exists
head_ears_cat.json: "variants" key exists
head_ears_cat_skin.json: "variants" key exists
head_ears_down.json: "variants" key exists
head_ears_dragon.json: "variants" key exists
head_ears_elven.json: "variants" key exists
head_ears_hang.json: "variants" key exists
head_ears_long.json: "variants" key exists
head_ears_lykon.json: "variants" key exists
head_ears_lykon_skin.json: "variants" key exists
head_ears_medium.json: "variants" key exists
head_ears_wolf.json: "variants" key exists
head_ears_wolf_skin.json: "variants" key exists
head_ears_zabos.json: "variants" key exists
head_ears_zabos_skin.json: "variants" key exists
head_fins_fin.json: "variants" key exists
head_fins_fin_short.json: "variants" key exists
head_horns_backwards.json: "variants" key exists
head_horns_curled.json: "variants" key exists
head_nose_big.json: "variants" key exists
head_nose_button.json: "variants" key exists
head_nose_elderly.json: "variants" key exists
head_nose_large.json: "variants" key exists
head_nose_straight.json: "variants" key exists
head_wrinkles.json: "variants" key exists
legs_armour.json: "variants" key exists
legs_childpants.json: "variants" key exists
legs_childskirts.json: "variants" key exists
legs_cuffed.json: "variants" key exists
legs_hose.json: "variants" key exists
legs_leggings.json: "variants" key exists
legs_leggings2.json: "variants" key exists
legs_pantaloons.json: "variants" key exists
legs_pants.json: "variants" key exists
legs_pants2.json: "variants" key exists
legs_pregnantpants.json: "variants" key exists
legs_shorts.json: "variants" key exists
legs_shorts_short.json: "variants" key exists
legs_skirts_legion.json: "variants" key exists
legs_skirts_plain.json: "variants" key exists
legs_skirts_slit.json: "variants" key exists
legs_skirt_belle.json: "variants" key exists
legs_skirt_overskirt.json: "variants" key exists
legs_skirt_straight.json: "variants" key exists
legs_widepants.json: "variants" key exists
neck_bowtie.json: "variants" key exists
neck_bowtie2.json: "variants" key exists
neck_capeclip.json: "variants" key exists
neck_capetie.json: "variants" key exists
neck_cravat.json: "variants" key exists
neck_jabot.json: "variants" key exists
neck_necklace.json: "variants" key exists
neck_necktie.json: "variants" key exists
neck_scarf.json: "variants" key exists
prosthesis_hook.json: "variants" key exists
prosthesis_peg_leg.json: "variants" key exists
quiver.json: "variants" key exists
shadow.json: "variants" key exists
shield.json: "variants" key exists
shield_crusader.json: "variants" key exists
shield_heater_paint.json: "variants" key exists
shield_heater_pattern.json: "variants" key exists
shield_heater_pattern_barry.json: "variants" key exists
shield_heater_pattern_bend.json: "variants" key exists
shield_heater_pattern_bendy.json: "variants" key exists
shield_heater_pattern_bendy_sinister.json: "variants" key exists
shield_heater_pattern_bend_sinister.json: "variants" key exists
shield_heater_pattern_bordure.json: "variants" key exists
shield_heater_pattern_chevron.json: "variants" key exists
shield_heater_pattern_chevron_inverted.json: "variants" key exists
shield_heater_pattern_chief.json: "variants" key exists
shield_heater_pattern_cross.json: "variants" key exists
shield_heater_pattern_fess.json: "variants" key exists
shield_heater_pattern_lozengy.json: "variants" key exists
shield_heater_pattern_pale.json: "variants" key exists
shield_heater_pattern_pall.json: "variants" key exists
shield_heater_pattern_paly.json: "variants" key exists
shield_heater_pattern_per_bend.json: "variants" key exists
shield_heater_pattern_per_bend_sinister.json: "variants" key exists
shield_heater_pattern_per_chevron.json: "variants" key exists
shield_heater_pattern_per_chevron_inverted.json: "variants" key exists
shield_heater_pattern_per_fess.json: "variants" key exists
shield_heater_pattern_per_pale.json: "variants" key exists
shield_heater_pattern_per_saltire.json: "variants" key exists
shield_heater_pattern_quarterly.json: "variants" key exists
shield_heater_pattern_saltire.json: "variants" key exists
shield_heater_revised_paint.json: "variants" key exists
shield_heater_revised_pattern_barry.json: "variants" key exists
shield_heater_revised_pattern_bend.json: "variants" key exists
shield_heater_revised_pattern_bendy.json: "variants" key exists
shield_heater_revised_pattern_bendy_sinister.json: "variants" key exists
shield_heater_revised_pattern_bend_sinister.json: "variants" key exists
shield_heater_revised_pattern_bordure.json: "variants" key exists
shield_heater_revised_pattern_chevron.json: "variants" key exists
shield_heater_revised_pattern_chevron_inverted.json: "variants" key exists
shield_heater_revised_pattern_chief.json: "variants" key exists
shield_heater_revised_pattern_cross.json: "variants" key exists
shield_heater_revised_pattern_fess.json: "variants" key exists
shield_heater_revised_pattern_lozengy.json: "variants" key exists
shield_heater_revised_pattern_pale.json: "variants" key exists
shield_heater_revised_pattern_pall.json: "variants" key exists
shield_heater_revised_pattern_paly.json: "variants" key exists
shield_heater_revised_pattern_per_bend.json: "variants" key exists
shield_heater_revised_pattern_per_bend_sinister.json: "variants" key exists
shield_heater_revised_pattern_per_chevron.json: "variants" key exists
shield_heater_revised_pattern_per_chevron_inverted.json: "variants" key exists
shield_heater_revised_pattern_per_fess.json: "variants" key exists
shield_heater_revised_pattern_per_pale.json: "variants" key exists
shield_heater_revised_pattern_per_saltire.json: "variants" key exists
shield_heater_revised_pattern_quarterly.json: "variants" key exists
shield_heater_revised_pattern_saltire.json: "variants" key exists
shield_heater_revised_trim.json: "variants" key exists
shield_heater_revised_wood.json: "variants" key exists
shield_heater_trim.json: "variants" key exists
shield_heater_wood.json: "variants" key exists
shield_plus.json: "variants" key exists
shield_scutum.json: "variants" key exists
shield_scutum_trim.json: "variants" key exists
shield_spartan.json: "variants" key exists
shield_two_engrailed.json: "variants" key exists
shield_two_engrailed_trim.json: "variants" key exists
shoulders_epaulets.json: "variants" key exists
shoulders_leather.json: "variants" key exists
shoulders_legion.json: "variants" key exists
shoulders_mantal.json: "variants" key exists
shoulders_plate.json: "variants" key exists
tail_cat.json: "variants" key exists
tail_dragon.json: "variants" key exists
tail_feather.json: "variants" key exists
tail_fin.json: "variants" key exists
tail_lizard.json: "variants" key exists
tail_lizard_alt.json: "variants" key exists
tail_wolf.json: "variants" key exists
tail_wolf_fluffy.json: "variants" key exists
tool_rod.json: "variants" key exists
tool_smash.json: "variants" key exists
tool_thrust.json: "variants" key exists
tool_whip.json: "variants" key exists
torso_aprons_apron.json: "variants" key exists
torso_aprons_apron_full.json: "variants" key exists
torso_aprons_apron_half.json: "variants" key exists
torso_aprons_overalls.json: "variants" key exists
torso_aprons_suspenders.json: "variants" key exists
torso_armour_leather.json: "variants" key exists
torso_armour_legion.json: "variants" key exists
torso_armour_plate.json: "variants" key exists
torso_bandages.json: "variants" key exists
torso_chainmail.json: "variants" key exists
torso_clothes_blouse.json: "variants" key exists
torso_clothes_blouse_longsleeve.json: "variants" key exists
torso_clothes_child_shirt.json: "variants" key exists
torso_clothes_corset.json: "variants" key exists
torso_clothes_longsleeve.json: "variants" key exists
torso_clothes_longsleeve2.json: "variants" key exists
torso_clothes_longsleeve2_buttoned.json: "variants" key exists
torso_clothes_longsleeve2_cardigan.json: "variants" key exists
torso_clothes_longsleeve2_polo.json: "variants" key exists
torso_clothes_longsleeve2_scoop.json: "variants" key exists
torso_clothes_longsleeve2_vneck.json: "variants" key exists
torso_clothes_longsleeve_formal.json: "variants" key exists
torso_clothes_longsleeve_formal_striped.json: "variants" key exists
torso_clothes_longsleeve_laced.json: "variants" key exists
torso_clothes_longsleeve_scoop.json: "variants" key exists
torso_clothes_robe.json: "variants" key exists
torso_clothes_shortsleeve.json: "variants" key exists
torso_clothes_shortsleeve_polo.json: "variants" key exists
torso_clothes_sleeveless.json: "variants" key exists
torso_clothes_sleeveless2.json: "variants" key exists
torso_clothes_sleeveless2_buttoned.json: "variants" key exists
torso_clothes_sleeveless2_polo.json: "variants" key exists
torso_clothes_sleeveless2_scoop.json: "variants" key exists
torso_clothes_sleeveless2_vneck.json: "variants" key exists
torso_clothes_sleeveless_laced.json: "variants" key exists
torso_clothes_sleeveless_striped.json: "variants" key exists
torso_clothes_sleeveless_tanktop.json: "variants" key exists
torso_clothes_tshirt.json: "variants" key exists
torso_clothes_tshirt_buttoned.json: "variants" key exists
torso_clothes_tshirt_scoop.json: "variants" key exists
torso_clothes_tshirt_vneck.json: "variants" key exists
torso_clothes_tunic.json: "variants" key exists
torso_clothes_tunic_sara.json: "variants" key exists
torso_clothes_vest.json: "variants" key exists
torso_clothes_vest_open.json: "variants" key exists
torso_jacket_collared.json: "variants" key exists
torso_jacket_frock.json: "variants" key exists
torso_jacket_frock_buttons.json: "variants" key exists
torso_jacket_frock_collar.json: "variants" key exists
torso_jacket_frock_lace.json: "variants" key exists
torso_jacket_frock_lapel.json: "variants" key exists
torso_jacket_iverness.json: "variants" key exists
torso_jacket_pockets.json: "variants" key exists
torso_jacket_santa.json: "variants" key exists
torso_jacket_tabard.json: "variants" key exists
torso_jacket_trench.json: "variants" key exists
weapon_blunt_club.json: "variants" key exists
weapon_blunt_flail.json: "variants" key exists
weapon_blunt_mace.json: "variants" key exists
weapon_blunt_waraxe.json: "variants" key exists
weapon_magic_crystal.json: "variants" key exists
weapon_magic_diamond.json: "variants" key exists
weapon_magic_gnarled.json: "variants" key exists
weapon_magic_loop.json: "variants" key exists
weapon_magic_s.json: "variants" key exists
weapon_magic_simple.json: "variants" key exists
weapon_polearm_cane.json: "variants" key exists
weapon_polearm_dragonspear.json: "variants" key exists
weapon_polearm_halberd.json: "variants" key exists
weapon_polearm_longspear.json: "variants" key exists
weapon_polearm_scythe.json: "variants" key exists
weapon_polearm_spear.json: "variants" key exists
weapon_polearm_trident.json: "variants" key exists
weapon_ranged_boomerang.json: "variants" key exists
weapon_ranged_bow_arrow.json: "variants" key exists
weapon_ranged_bow_great.json: "variants" key exists
weapon_ranged_bow_normal.json: "variants" key exists
weapon_ranged_bow_recurve.json: "variants" key exists
weapon_ranged_crossbow.json: "variants" key exists
weapon_ranged_slingshot.json: "variants" key exists
weapon_sword_arming.json: "variants" key exists
weapon_sword_dagger.json: "variants" key exists
weapon_sword_glowsword.json: "variants" key exists
weapon_sword_katana.json: "variants" key exists
weapon_sword_longsword.json: "variants" key exists
weapon_sword_longsword_alt.json: "variants" key exists
weapon_sword_rapier.json: "variants" key exists
weapon_sword_saber.json: "variants" key exists
weapon_sword_scimitar.json: "variants" key exists
wings_bat.json: "variants" key exists
wings_dragonfly.json: "variants" key exists
wings_dragonfly_transparent.json: "variants" key exists
wings_feathered.json: "variants" key exists
wings_lizard.json: "variants" key exists
wings_lizard_alt.json: "variants" key exists
wings_lizard_bat.json: "variants" key exists
wings_lunar.json: "variants" key exists
wings_monarch.json: "variants" key exists
wings_monarch_dots.json: "variants" key exists
wings_monarch_edge.json: "variants" key exists
wings_pixie.json: "variants" key exists
wings_pixie_transparent.json: "variants" key exists
wound_arm.json: "variants" key exists
wound_brain.json: "variants" key exists
wound_eye.json: "variants" key exists
wound_mouth.json: "variants" key exists
wound_ribs.json: "variants" key exists
wrists_cuffs.json: "variants" key exists
wrists_cuffs_lace.json: "variants" key exists
