arms_armour.json: 8 variants
arms_bracers.json: 8 variants
arms_gloves.json: 32 variants
backpack.json: 20 variants
backpack_basket.json: 2 variants
backpack_contents_ore.json: 8 variants
backpack_contents_wood.json: 2 variants
backpack_jetpack.json: 3 variants
backpack_jetpack_fins.json: 3 variants
backpack_squarepack.json: 20 variants
backpack_straps.json: 20 variants
bauldron.json: 7 variants
beards_5oclock_shadow.json: 26 variants
beards_beard.json: 26 variants
beards_bigstache.json: 26 variants
beards_chevron.json: 26 variants
beards_french.json: 26 variants
beards_handlebar.json: 26 variants
beards_horseshoe.json: 26 variants
beards_lampshade.json: 26 variants
beards_medium.json: 26 variants
beards_mustache.json: 26 variants
beards_trimmed.json: 26 variants
beards_walrus.json: 26 variants
beards_winter.json: 26 variants
belt_belly.json: 7 variants
belt_double.json: 7 variants
belt_leather.json: 7 variants
belt_loose.json: 7 variants
belt_obi.json: 24 variants
belt_obi_knot_left.json: 24 variants
belt_obi_knot_right.json: 24 variants
belt_other_female.json: 9 variants
belt_other_male.json: 3 variants
belt_sash.json: 24 variants
belt_sash_narrow.json: 24 variants
belt_sash_obi.json: 24 variants
belt_waistband.json: 24 variants
body.json: 21 variants
body_skeleton.json: 1 variants
body_zombie.json: 1 variants
buckles.json: 4 variants
cape_solid.json: 24 variants
cape_tattered.json: 24 variants
cape_trim.json: 24 variants
dress_bodice.json: 24 variants
dress_kimono.json: 24 variants
dress_kimono_longsleeve.json: 24 variants
dress_kimono_longsleeve_trim.json: 24 variants
dress_kimono_oversize.json: 24 variants
dress_kimono_oversize_trim.json: 24 variants
dress_kimono_split.json: 24 variants
dress_kimono_split_trim.json: 24 variants
dress_kimono_trim.json: 24 variants
dress_sash.json: 24 variants
dress_slit.json: 24 variants
eyebrows_thick.json: 26 variants
eyebrows_thin.json: 26 variants
eyes.json: 8 variants
eyes_cyclops.json: 9 variants
facial_earring_left.json: 33 variants
facial_earring_right.json: 33 variants
facial_eyepatch2_left.json: 24 variants
facial_eyepatch2_right.json: 24 variants
facial_eyepatch_ambi.json: 25 variants
facial_eyepatch_left.json: 25 variants
facial_eyepatch_right.json: 25 variants
facial_eyepatch_small_left.json: 24 variants
facial_eyepatch_small_right.json: 24 variants
facial_glasses.json: 32 variants
facial_glasses_halfmoon.json: 32 variants
facial_glasses_nerd.json: 32 variants
facial_glasses_round.json: 34 variants
facial_glasses_secretary.json: 32 variants
facial_glasses_shades.json: 33 variants
facial_glasses_sunglasses.json: 34 variants
facial_mask_plain.json: 34 variants
facial_monocle_left.json: 8 variants
facial_monocle_left_frame.json: 32 variants
facial_monocle_right.json: 8 variants
facial_monocle_right_frame.json: 32 variants
feet_armour.json: 8 variants
feet_boots.json: 24 variants
feet_boots2.json: 32 variants
feet_boots_fold.json: 32 variants
feet_boots_plate.json: 8 variants
feet_boots_rim.json: 32 variants
feet_ghillies.json: 24 variants
feet_hoofs.json: 21 variants
feet_sandals.json: 24 variants
feet_sara.json: 1 variants
feet_shoes.json: 24 variants
feet_shoes2.json: 32 variants
feet_slippers.json: 24 variants
feet_socks_ankle.json: 24 variants
feet_socks_high.json: 24 variants
feet_socks_tabi.json: 24 variants
hairext_braidl.json: 26 variants
hairext_braidr.json: 26 variants
hairext_topknot_long.json: 26 variants
hairext_topknot_short.json: 26 variants
hairext_xlong_bangl.json: 26 variants
hairext_xlong_bangr.json: 26 variants
hairext_xlong_braidl.json: 26 variants
hairext_xlong_braidr.json: 26 variants
hair_afro.json: 26 variants
hair_balding.json: 26 variants
hair_bangs.json: 26 variants
hair_bangslong.json: 26 variants
hair_bangslong2.json: 26 variants
hair_bangsshort.json: 26 variants
hair_bangs_bun.json: 26 variants
hair_bedhead.json: 26 variants
hair_bob.json: 26 variants
hair_bob_side_part.json: 26 variants
hair_braid.json: 26 variants
hair_braid2.json: 26 variants
hair_bunches.json: 26 variants
hair_buzzcut.json: 26 variants
hair_cornrows.json: 26 variants
hair_cowlick.json: 26 variants
hair_cowlick_tall.json: 26 variants
hair_curly_long.json: 26 variants
hair_curly_short.json: 26 variants
hair_curly_short2.json: 26 variants
hair_curtains.json: 26 variants
hair_curtains_long.json: 26 variants
hair_dreadlocks_long.json: 26 variants
hair_dreadlocks_short.json: 26 variants
hair_flat_top_fade.json: 26 variants
hair_flat_top_straight.json: 26 variants
hair_halfmessy.json: 26 variants
hair_half_up.json: 26 variants
hair_high_and_tight.json: 26 variants
hair_high_ponytail.json: 26 variants
hair_idol.json: 26 variants
hair_jewfro.json: 26 variants
hair_lob.json: 26 variants
hair_long.json: 26 variants
hair_longhawk.json: 26 variants
hair_long_band.json: 26 variants
hair_long_center_part.json: 26 variants
hair_long_messy.json: 26 variants
hair_long_messy2.json: 26 variants
hair_long_straight.json: 12 variants
hair_long_tied.json: 26 variants
hair_loose.json: 26 variants
hair_messed.json: 28 variants
hair_messy1.json: 26 variants
hair_messy2.json: 26 variants
hair_messy3.json: 26 variants
hair_mop.json: 26 variants
hair_natural.json: 26 variants
hair_page.json: 26 variants
hair_page2.json: 26 variants
hair_parted.json: 26 variants
hair_parted2.json: 26 variants
hair_parted3.json: 26 variants
hair_parted_side_bangs.json: 26 variants
hair_parted_side_bangs2.json: 26 variants
hair_pigtails.json: 26 variants
hair_pigtails_bangs.json: 26 variants
hair_pixie.json: 26 variants
hair_plain.json: 26 variants
hair_ponytail.json: 26 variants
hair_ponytail2.json: 26 variants
hair_princess.json: 26 variants
hair_relm_ponytail.json: 26 variants
hair_relm_short.json: 26 variants
hair_sara.json: 26 variants
hair_shorthawk.json: 26 variants
hair_shoulderl.json: 26 variants
hair_shoulderr.json: 26 variants
hair_single.json: 26 variants
hair_spiked.json: 26 variants
hair_spiked2.json: 26 variants
hair_spiked_beehive.json: 26 variants
hair_spiked_liberty.json: 26 variants
hair_spiked_liberty2.json: 26 variants
hair_spiked_porcupine.json: 26 variants
hair_swoop.json: 26 variants
hair_swoop_side.json: 26 variants
hair_topknot_long.json: 26 variants
hair_topknot_long2.json: 26 variants
hair_topknot_short.json: 26 variants
hair_topknot_short2.json: 26 variants
hair_twists_fade.json: 26 variants
hair_twists_straight.json: 26 variants
hair_unkempt.json: 26 variants
hair_wavy.json: 26 variants
hair_xlong.json: 26 variants
hat_accessory_crest.json: 8 variants
hat_accessory_crest_centurion.json: 8 variants
hat_accessory_horns_downward.json: 32 variants
hat_accessory_horns_short.json: 32 variants
hat_accessory_horns_upward.json: 32 variants
hat_accessory_plumage.json: 24 variants
hat_accessory_plumage_centurion.json: 24 variants
hat_accessory_plumage_legion.json: 24 variants
hat_accessory_wings.json: 32 variants
hat_bandana.json: 27 variants
hat_bandana2.json: 27 variants
hat_bandana_pirate.json: 24 variants
hat_bandana_pirate_skull.json: 24 variants
hat_cap_bonnie.json: 24 variants
hat_cap_bonnie_feather.json: 24 variants
hat_cap_bonnie_tilt.json: 24 variants
hat_cap_bonnie_trim.json: 24 variants
hat_cap_cavalier.json: 24 variants
hat_cap_cavalier_feather.json: 24 variants
hat_cap_feather.json: 25 variants
hat_cap_feather_alt.json: 24 variants
hat_formal_bowler.json: 26 variants
hat_formal_crown.json: 36 variants
hat_formal_tiara.json: 37 variants
hat_formal_tophat.json: 26 variants
hat_headband_hairtie.json: 24 variants
hat_headband_hairtie_rune.json: 24 variants
hat_headband_kerchief.json: 24 variants
hat_headband_thick.json: 24 variants
hat_headband_thick_rune.json: 24 variants
hat_headband_tied.json: 24 variants
hat_helmet_armet.json: 8 variants
hat_helmet_armet_simple.json: 8 variants
hat_helmet_barbarian.json: 8 variants
hat_helmet_barbarian_nasal.json: 8 variants
hat_helmet_barbarian_viking.json: 8 variants
hat_helmet_barbuta.json: 8 variants
hat_helmet_barbuta_simple.json: 8 variants
hat_helmet_bascinet.json: 8 variants
hat_helmet_bascinet_pigface.json: 8 variants
hat_helmet_bascinet_pigface_raised.json: 8 variants
hat_helmet_bascinet_round.json: 8 variants
hat_helmet_bascinet_round_raised.json: 8 variants
hat_helmet_close.json: 8 variants
hat_helmet_flattop.json: 8 variants
hat_helmet_greathelm.json: 8 variants
hat_helmet_horned.json: 8 variants
hat_helmet_kettle.json: 1 variants
hat_helmet_legion.json: 8 variants
hat_helmet_mail.json: 9 variants
hat_helmet_maximus.json: 8 variants
hat_helmet_morion.json: 8 variants
hat_helmet_nasal.json: 8 variants
hat_helmet_norman.json: 8 variants
hat_helmet_pointed.json: 8 variants
hat_helmet_spangenhelm.json: 8 variants
hat_helmet_spangenhelm_viking.json: 8 variants
hat_helmet_sugarloaf.json: 8 variants
hat_helmet_sugarloaf_simple.json: 8 variants
hat_helmet_xeon.json: 8 variants
hat_holiday_christmas.json: 24 variants
hat_holiday_elf.json: 24 variants
hat_holiday_santa.json: 24 variants
hat_hood_cloth.json: 27 variants
hat_hood_hijab.json: 25 variants
hat_hood_sack_cloth.json: 25 variants
hat_magic_misc.json: 3 variants
hat_magic_wizard.json: 30 variants
hat_magic_wizard_belt.json: 30 variants
hat_magic_wizard_buckle.json: 8 variants
hat_pirate_bicorne_athwart.json: 24 variants
hat_pirate_bicorne_athwart_admiral.json: 72 variants
hat_pirate_bicorne_athwart_admiral_cockade.json: 72 variants
hat_pirate_bicorne_athwart_commodore.json: 72 variants
hat_pirate_bicorne_athwart_pirate.json: 24 variants
hat_pirate_bicorne_foreaft.json: 24 variants
hat_pirate_bicorne_foreaft_commodore.json: 72 variants
hat_pirate_tricorne.json: 24 variants
hat_pirate_tricorne_captain.json: 72 variants
hat_pirate_tricorne_captain_pirate.json: 24 variants
hat_pirate_tricorne_lieutenant.json: 72 variants
hat_pirate_tricorne_stitched.json: 24 variants
hat_pirate_tricorne_thatch.json: 24 variants
hat_visor_grated.json: 8 variants
hat_visor_grated_narrow.json: 8 variants
hat_visor_horned.json: 8 variants
hat_visor_pigface.json: 8 variants
hat_visor_pigface_raised.json: 8 variants
hat_visor_round.json: 8 variants
hat_visor_round_raised.json: 8 variants
hat_visor_slit.json: 8 variants
hat_visor_slit_narrow.json: 8 variants
heads_alien.json: 21 variants
heads_boarman.json: 22 variants
heads_boarman_child.json: 22 variants
heads_frankenstein.json: 22 variants
heads_goblin.json: 22 variants
heads_goblin_child.json: 22 variants
heads_human_child.json: 22 variants
heads_human_elderly_small.json: 22 variants
heads_human_female.json: 22 variants
heads_human_female_elderly.json: 22 variants
heads_human_female_small.json: 22 variants
heads_human_male.json: 22 variants
heads_human_male_elderly.json: 22 variants
heads_human_male_gaunt.json: 22 variants
heads_human_male_plump.json: 22 variants
heads_human_male_small.json: 22 variants
heads_jack.json: 1 variants
heads_lizard_child.json: 14 variants
heads_lizard_female.json: 14 variants
heads_lizard_male.json: 14 variants
heads_minotaur.json: 22 variants
heads_minotaur_child.json: 22 variants
heads_minotaur_female.json: 22 variants
heads_mouse.json: 21 variants
heads_mouse_child.json: 22 variants
heads_orc_child.json: 22 variants
heads_orc_female.json: 14 variants
heads_orc_male.json: 22 variants
heads_pig.json: 22 variants
heads_pig_child.json: 22 variants
heads_rabbit.json: 22 variants
heads_rabbit_child.json: 22 variants
heads_rat.json: 22 variants
heads_rat_child.json: 22 variants
heads_sheep.json: 22 variants
heads_sheep_child.json: 22 variants
heads_skeleton.json: 1 variants
heads_troll.json: 22 variants
heads_troll_child.json: 22 variants
heads_vampire.json: 22 variants
heads_wartotaur.json: 22 variants
heads_wolf_child.json: 22 variants
heads_wolf_female.json: 22 variants
heads_wolf_male.json: 22 variants
heads_zombie.json: 22 variants
head_ears_avyon.json: 33 variants
head_ears_avyon_skin.json: 22 variants
head_ears_big.json: 22 variants
head_ears_cat.json: 33 variants
head_ears_cat_skin.json: 22 variants
head_ears_down.json: 22 variants
head_ears_dragon.json: 22 variants
head_ears_elven.json: 22 variants
head_ears_hang.json: 22 variants
head_ears_long.json: 22 variants
head_ears_lykon.json: 33 variants
head_ears_lykon_skin.json: 22 variants
head_ears_medium.json: 22 variants
head_ears_wolf.json: 33 variants
head_ears_wolf_skin.json: 22 variants
head_ears_zabos.json: 33 variants
head_ears_zabos_skin.json: 22 variants
head_fins_fin.json: 21 variants
head_fins_fin_short.json: 21 variants
head_horns_backwards.json: 57 variants
head_horns_curled.json: 57 variants
head_nose_big.json: 22 variants
head_nose_button.json: 22 variants
head_nose_elderly.json: 22 variants
head_nose_large.json: 22 variants
head_nose_straight.json: 22 variants
head_wrinkles.json: 22 variants
legs_armour.json: 8 variants
legs_childpants.json: 9 variants
legs_childskirts.json: 10 variants
legs_cuffed.json: 24 variants
legs_hose.json: 24 variants
legs_leggings.json: 24 variants
legs_leggings2.json: 24 variants
legs_pantaloons.json: 27 variants
legs_pants.json: 24 variants
legs_pants2.json: 24 variants
legs_pregnantpants.json: 19 variants
legs_shorts.json: 24 variants
legs_shorts_short.json: 24 variants
legs_skirts_legion.json: 24 variants
legs_skirts_plain.json: 24 variants
legs_skirts_slit.json: 24 variants
legs_skirt_belle.json: 24 variants
legs_skirt_overskirt.json: 24 variants
legs_skirt_straight.json: 24 variants
legs_widepants.json: 4 variants
neck_bowtie.json: 25 variants
neck_bowtie2.json: 24 variants
neck_capeclip.json: 24 variants
neck_capetie.json: 24 variants
neck_cravat.json: 24 variants
neck_jabot.json: 24 variants
neck_necklace.json: 9 variants
neck_necktie.json: 25 variants
neck_scarf.json: 6 variants
prosthesis_hook.json: 1 variants
prosthesis_peg_leg.json: 1 variants
quiver.json: 1 variants
shadow.json: 1 variants
shield.json: 18 variants
shield_crusader.json: 1 variants
shield_heater_paint.json: 75 variants
shield_heater_pattern.json: 25 variants
shield_heater_pattern_barry.json: 24 variants
shield_heater_pattern_bend.json: 24 variants
shield_heater_pattern_bendy.json: 24 variants
shield_heater_pattern_bendy_sinister.json: 24 variants
shield_heater_pattern_bend_sinister.json: 24 variants
shield_heater_pattern_bordure.json: 24 variants
shield_heater_pattern_chevron.json: 24 variants
shield_heater_pattern_chevron_inverted.json: 24 variants
shield_heater_pattern_chief.json: 24 variants
shield_heater_pattern_cross.json: 24 variants
shield_heater_pattern_fess.json: 24 variants
shield_heater_pattern_lozengy.json: 24 variants
shield_heater_pattern_pale.json: 24 variants
shield_heater_pattern_pall.json: 24 variants
shield_heater_pattern_paly.json: 24 variants
shield_heater_pattern_per_bend.json: 24 variants
shield_heater_pattern_per_bend_sinister.json: 24 variants
shield_heater_pattern_per_chevron.json: 24 variants
shield_heater_pattern_per_chevron_inverted.json: 24 variants
shield_heater_pattern_per_fess.json: 24 variants
shield_heater_pattern_per_pale.json: 24 variants
shield_heater_pattern_per_saltire.json: 24 variants
shield_heater_pattern_quarterly.json: 24 variants
shield_heater_pattern_saltire.json: 24 variants
shield_heater_revised_paint.json: 75 variants
shield_heater_revised_pattern_barry.json: 24 variants
shield_heater_revised_pattern_bend.json: 24 variants
shield_heater_revised_pattern_bendy.json: 24 variants
shield_heater_revised_pattern_bendy_sinister.json: 24 variants
shield_heater_revised_pattern_bend_sinister.json: 24 variants
shield_heater_revised_pattern_bordure.json: 24 variants
shield_heater_revised_pattern_chevron.json: 24 variants
shield_heater_revised_pattern_chevron_inverted.json: 24 variants
shield_heater_revised_pattern_chief.json: 24 variants
shield_heater_revised_pattern_cross.json: 24 variants
shield_heater_revised_pattern_fess.json: 24 variants
shield_heater_revised_pattern_lozengy.json: 24 variants
shield_heater_revised_pattern_pale.json: 24 variants
shield_heater_revised_pattern_pall.json: 24 variants
shield_heater_revised_pattern_paly.json: 24 variants
shield_heater_revised_pattern_per_bend.json: 24 variants
shield_heater_revised_pattern_per_bend_sinister.json: 24 variants
shield_heater_revised_pattern_per_chevron.json: 24 variants
shield_heater_revised_pattern_per_chevron_inverted.json: 24 variants
shield_heater_revised_pattern_per_fess.json: 24 variants
shield_heater_revised_pattern_per_pale.json: 24 variants
shield_heater_revised_pattern_per_saltire.json: 24 variants
shield_heater_revised_pattern_quarterly.json: 24 variants
shield_heater_revised_pattern_saltire.json: 24 variants
shield_heater_revised_trim.json: 7 variants
shield_heater_revised_wood.json: 5 variants
shield_heater_trim.json: 7 variants
shield_heater_wood.json: 5 variants
shield_plus.json: 1 variants
shield_scutum.json: 1 variants
shield_scutum_trim.json: 1 variants
shield_spartan.json: 1 variants
shield_two_engrailed.json: 1 variants
shield_two_engrailed_trim.json: 1 variants
shoulders_epaulets.json: 7 variants
shoulders_leather.json: 24 variants
shoulders_legion.json: 3 variants
shoulders_mantal.json: 24 variants
shoulders_plate.json: 8 variants
tail_cat.json: 33 variants
tail_dragon.json: 26 variants
tail_feather.json: 26 variants
tail_fin.json: 26 variants
tail_lizard.json: 21 variants
tail_lizard_alt.json: 33 variants
tail_wolf.json: 33 variants
tail_wolf_fluffy.json: 33 variants
tool_rod.json: 1 variants
tool_smash.json: 3 variants
tool_thrust.json: 3 variants
tool_whip.json: 1 variants
torso_aprons_apron.json: 24 variants
torso_aprons_apron_full.json: 24 variants
torso_aprons_apron_half.json: 24 variants
torso_aprons_overalls.json: 24 variants
torso_aprons_suspenders.json: 24 variants
torso_armour_leather.json: 24 variants
torso_armour_legion.json: 8 variants
torso_armour_plate.json: 8 variants
torso_bandages.json: 1 variants
torso_chainmail.json: 1 variants
torso_clothes_blouse.json: 19 variants
torso_clothes_blouse_longsleeve.json: 19 variants
torso_clothes_child_shirt.json: 10 variants
torso_clothes_corset.json: 19 variants
torso_clothes_longsleeve.json: 24 variants
torso_clothes_longsleeve2.json: 24 variants
torso_clothes_longsleeve2_buttoned.json: 24 variants
torso_clothes_longsleeve2_cardigan.json: 24 variants
torso_clothes_longsleeve2_polo.json: 24 variants
torso_clothes_longsleeve2_scoop.json: 24 variants
torso_clothes_longsleeve2_vneck.json: 24 variants
torso_clothes_longsleeve_formal.json: 1 variants
torso_clothes_longsleeve_formal_striped.json: 1 variants
torso_clothes_longsleeve_laced.json: 24 variants
torso_clothes_longsleeve_scoop.json: 24 variants
torso_clothes_robe.json: 10 variants
torso_clothes_shortsleeve.json: 24 variants
torso_clothes_shortsleeve_polo.json: 24 variants
torso_clothes_sleeveless.json: 24 variants
torso_clothes_sleeveless2.json: 24 variants
torso_clothes_sleeveless2_buttoned.json: 24 variants
torso_clothes_sleeveless2_polo.json: 24 variants
torso_clothes_sleeveless2_scoop.json: 24 variants
torso_clothes_sleeveless2_vneck.json: 24 variants
torso_clothes_sleeveless_laced.json: 24 variants
torso_clothes_sleeveless_striped.json: 24 variants
torso_clothes_sleeveless_tanktop.json: 24 variants
torso_clothes_tshirt.json: 24 variants
torso_clothes_tshirt_buttoned.json: 24 variants
torso_clothes_tshirt_scoop.json: 24 variants
torso_clothes_tshirt_vneck.json: 24 variants
torso_clothes_tunic.json: 24 variants
torso_clothes_tunic_sara.json: 24 variants
torso_clothes_vest.json: 26 variants
torso_clothes_vest_open.json: 24 variants
torso_jacket_collared.json: 25 variants
torso_jacket_frock.json: 24 variants
torso_jacket_frock_buttons.json: 7 variants
torso_jacket_frock_collar.json: 7 variants
torso_jacket_frock_lace.json: 7 variants
torso_jacket_frock_lapel.json: 7 variants
torso_jacket_iverness.json: 1 variants
torso_jacket_pockets.json: 24 variants
torso_jacket_santa.json: 24 variants
torso_jacket_tabard.json: 19 variants
torso_jacket_trench.json: 2 variants
weapon_blunt_club.json: 1 variants
weapon_blunt_flail.json: 1 variants
weapon_blunt_mace.json: 1 variants
weapon_blunt_waraxe.json: 1 variants
weapon_magic_crystal.json: 6 variants
weapon_magic_diamond.json: 12 variants
weapon_magic_gnarled.json: 12 variants
weapon_magic_loop.json: 12 variants
weapon_magic_s.json: 12 variants
weapon_magic_simple.json: 1 variants
weapon_polearm_cane.json: 1 variants
weapon_polearm_dragonspear.json: 12 variants
weapon_polearm_halberd.json: 1 variants
weapon_polearm_longspear.json: 12 variants
weapon_polearm_scythe.json: 1 variants
weapon_polearm_spear.json: 12 variants
weapon_polearm_trident.json: 12 variants
weapon_ranged_boomerang.json: 1 variants
weapon_ranged_bow_arrow.json: 1 variants
weapon_ranged_bow_great.json: 12 variants
weapon_ranged_bow_normal.json: 12 variants
weapon_ranged_bow_recurve.json: 12 variants
weapon_ranged_crossbow.json: 1 variants
weapon_ranged_slingshot.json: 1 variants
weapon_sword_arming.json: 8 variants
weapon_sword_dagger.json: 1 variants
weapon_sword_glowsword.json: 2 variants
weapon_sword_katana.json: 1 variants
weapon_sword_longsword.json: 1 variants
weapon_sword_longsword_alt.json: 1 variants
weapon_sword_rapier.json: 1 variants
weapon_sword_saber.json: 1 variants
weapon_sword_scimitar.json: 1 variants
wings_bat.json: 44 variants
wings_dragonfly.json: 30 variants
wings_dragonfly_transparent.json: 30 variants
wings_feathered.json: 33 variants
wings_lizard.json: 21 variants
wings_lizard_alt.json: 33 variants
wings_lizard_bat.json: 21 variants
wings_lunar.json: 30 variants
wings_monarch.json: 30 variants
wings_monarch_dots.json: 29 variants
wings_monarch_edge.json: 29 variants
wings_pixie.json: 30 variants
wings_pixie_transparent.json: 30 variants
wound_arm.json: 1 variants
wound_brain.json: 1 variants
wound_eye.json: 1 variants
wound_mouth.json: 1 variants
wound_ribs.json: 1 variants
wrists_cuffs.json: 24 variants
wrists_cuffs_lace.json: 7 variants
Total number of variants: 11948

Total counts for each variant:
blue: 436
black: 428
green: 426
red: 378
white: 367
purple: 356
orange: 354
pink: 354
navy: 350
gray: 348
rose: 340
brown: 306
lavender: 299
yellow: 235
gold: 233
teal: 233
forest: 226
maroon: 226
sky: 226
leather: 225
tan: 225
walnut: 221
bluegray: 219
charcoal: 215
slate: 213
bronze: 181
blonde: 126
dark gray: 126
dark brown: 125
raven: 125
ash: 124
sandy: 124
platinum: 124
strawberry: 124
redhead: 124
ginger: 124
carrot: 124
chestnut: 124
light brown: 124
violet: 124
silver: 107
iron: 99
ceramic: 94
steel: 93
light: 90
copper: 89
brass: 88
amber: 81
zombie_green: 79
pale_green: 79
bright_green: 79
fur_black: 78
fur_brown: 78
fur_tan: 78
fur_copper: 78
fur_gold: 78
fur_grey: 78
fur_white: 78
olive: 71
taupe: 71
dark_green: 71
zombie: 58
base: 15
dark: 12
medium: 11
lunar: 9
black_bronze: 6
black_gold: 6
black_silver: 6
blue_bronze: 6
blue_gold: 6
blue_silver: 6
bluegray_bronze: 6
bluegray_gold: 6
bluegray_silver: 6
brown_bronze: 6
brown_gold: 6
brown_silver: 6
charcoal_bronze: 6
charcoal_gold: 6
charcoal_silver: 6
forest_bronze: 6
forest_gold: 6
forest_silver: 6
gray_bronze: 6
gray_gold: 6
gray_silver: 6
green_bronze: 6
green_gold: 6
green_silver: 6
lavender_bronze: 6
lavender_gold: 6
lavender_silver: 6
leather_bronze: 6
leather_gold: 6
leather_silver: 6
maroon_bronze: 6
maroon_gold: 6
maroon_silver: 6
navy_bronze: 6
navy_gold: 6
navy_silver: 6
orange_bronze: 6
orange_gold: 6
orange_silver: 6
pink_bronze: 6
pink_gold: 6
pink_silver: 6
purple_bronze: 6
purple_gold: 6
purple_silver: 6
red_bronze: 6
red_gold: 6
red_silver: 6
rose_bronze: 6
rose_gold: 6
rose_silver: 6
sky_bronze: 6
sky_gold: 6
sky_silver: 6
slate_bronze: 6
slate_gold: 6
slate_silver: 6
tan_bronze: 6
tan_gold: 6
tan_silver: 6
teal_bronze: 6
teal_gold: 6
teal_silver: 6
walnut_bronze: 6
walnut_gold: 6
walnut_silver: 6
white_bronze: 6
white_gold: 6
white_silver: 6
yellow_bronze: 6
yellow_gold: 6
yellow_silver: 6
base_brown: 4
coffee: 4
oak: 4
umber: 4
lightblue: 3
shadow: 3
formal: 2
skeleton: 2
sunglasses: 2
bandana_gray: 2
bandana_red: 2
bandana_white: 2
base_black: 2
base_gray: 2
base_teal: 2
base_yellow: 2
horns: 2
skin_black: 2
skin_blue: 2
skin_green: 2
metallic_steel: 2
metallic_iron: 2
metallic_ceramic: 2
metallic_brass: 2
metallic_copper: 2
metallic_bronze: 2
metallic_silver: 2
metallic_gold: 2
darkblue: 2
crusader: 2
spartan: 2
aegean: 2
amethyst: 2
apple: 2
apricot: 2
azure: 2
beige: 2
blue_violet: 2
cerise: 2
cerulean: 2
chocolate: 2
coral: 2
cornflower: 2
cyan: 2
denim: 2
dove: 2
emerald: 2
fern: 2
garnet: 2
heather: 2
honey: 2
ice: 2
indigo: 2
ivory: 2
lemon: 2
linen: 2
mauve: 2
midnight: 2
mint: 2
mustard: 2
neptune: 2
ochre: 2
olivine: 2
peach: 2
pearl: 2
periwinkle: 2
plum: 2
porcelain: 2
powder: 2
red_orange: 2
royal: 2
salmon: 2
sepia: 2
smoke: 2
soot: 2
spring: 2
swamp: 2
tawny: 2
tumeric: 2
wine: 2
dragonfly: 2
pixie: 2
round: 1
square: 1
coal: 1
tin: 1
3_logs: 1
9_logs: 1
cyclops: 1
sara: 1
ashblonde: 1
ashplatinum: 1
brown2: 1
blonde 2: 1
blue 2: 1
brown 2: 1
brunette: 1
brunette 2: 1
darkblonde: 1
darkgrey: 1
darkred: 1
grey: 1
green 2: 1
lightblonde: 1
lightblonde 2: 1
raven 2: 1
red 2: 1
ruby: 1
whiteblonde: 1
whiteblonde 2: 1
whitecyan: 1
crown_gold: 1
crown_red: 1
crown_blue: 1
crown_gray: 1
tiara_bronze: 1
tiara_gold: 1
tiara_iron: 1
tiara_purple: 1
tiara_silver: 1
detailed: 1
hood_black: 1
hood_brown: 1
hood_white: 1
starry_moon: 1
starry: 1
large: 1
base_red: 1
base_maroon: 1
jack: 1
formal_striped: 1
furbrown: 1
pirate: 1
hook: 1
peg_leg: 1
quiver: 1
round black: 1
round brown: 1
round gold: 1
round green: 1
round silver: 1
round yellow: 1
kite blue blue: 1
kite blue gray: 1
kite gray blue: 1
kite gray gray: 1
kite gray green: 1
kite gray orange: 1
kite gray: 1
kite green gray: 1
kite orange: 1
kite red gray: 1
barry: 1
bend: 1
bend_sinister: 1
bendy: 1
bendy_sinister: 1
bordure: 1
chevron: 1
chevron_inverted: 1
chief: 1
cross: 1
fess: 1
lozengy: 1
paint: 1
pale: 1
pall: 1
paly: 1
per_bend: 1
per_bend_sinister: 1
per_chevron: 1
per_chevron_inverted: 1
per_fess: 1
per_pale: 1
per_saltire: 1
quarterly: 1
saltire: 1
plus: 1
scutum: 1
scutum_trim: 1
two_engrailed: 1
two_engrailed_trim: 1
rod: 1
axe: 1
hammer: 1
pickaxe: 1
hoe: 1
shovel: 1
watering: 1
whip: 1
forest green: 1
light gray: 1
gray striped: 1
green striped: 1
brown striped: 1
club: 1
flail: 1
mace: 1
waraxe: 1
simple: 1
cane: 1
halberd: 1
scythe: 1
boomerang: 1
arrow: 1
crossbow: 1
slingshot: 1
dagger: 1
katana: 1
longsword: 1
longsword_alt: 1
rapier: 1
saber: 1
scimitar: 1
monarch: 1
arm: 1
brain: 1
eye: 1
mouth: 1
ribs: 1
