Modified file: arms_armour.json
Modified file: arms_bracers.json
Modified file: arms_gloves.json
Modified file: backpack.json
Modified file: backpack_basket.json
Modified file: backpack_contents_ore.json
Modified file: backpack_contents_wood.json
Modified file: backpack_jetpack.json
Modified file: backpack_jetpack_fins.json
Modified file: backpack_squarepack.json
Modified file: backpack_straps.json
Modified file: bauldron.json
Modified file: beards_5oclock_shadow.json
Modified file: beards_beard.json
Modified file: beards_bigstache.json
Modified file: beards_chevron.json
Modified file: beards_french.json
Modified file: beards_handlebar.json
Modified file: beards_horseshoe.json
Modified file: beards_lampshade.json
Modified file: beards_medium.json
Modified file: beards_mustache.json
Modified file: beards_trimmed.json
Modified file: beards_walrus.json
Modified file: beards_winter.json
Modified file: belt_belly.json
Modified file: belt_double.json
Modified file: belt_leather.json
Modified file: belt_loose.json
Modified file: belt_obi.json
Modified file: belt_obi_knot_left.json
Modified file: belt_obi_knot_right.json
Modified file: belt_other_female.json
Modified file: belt_other_male.json
Modified file: belt_sash.json
Modified file: belt_sash_narrow.json
Modified file: belt_sash_obi.json
Modified file: belt_waistband.json
Modified file: body.json
Modified file: body_skeleton.json
Modified file: body_zombie.json
Modified file: buckles.json
Modified file: cape_solid.json
Modified file: cape_tattered.json
Modified file: cape_trim.json
Modified file: dress_bodice.json
Modified file: dress_kimono.json
Modified file: dress_kimono_longsleeve.json
Modified file: dress_kimono_longsleeve_trim.json
Modified file: dress_kimono_oversize.json
Modified file: dress_kimono_oversize_trim.json
Modified file: dress_kimono_split.json
Modified file: dress_kimono_split_trim.json
Modified file: dress_kimono_trim.json
Modified file: dress_sash.json
Modified file: dress_slit.json
Modified file: eyebrows_thick.json
Modified file: eyebrows_thin.json
Modified file: eyes.json
Modified file: eyes_cyclops.json
Modified file: facial_earring_left.json
Modified file: facial_earring_right.json
Modified file: facial_eyepatch2_left.json
Modified file: facial_eyepatch2_right.json
Modified file: facial_eyepatch_ambi.json
Modified file: facial_eyepatch_left.json
Modified file: facial_eyepatch_right.json
Modified file: facial_eyepatch_small_left.json
Modified file: facial_eyepatch_small_right.json
Modified file: facial_glasses.json
Modified file: facial_glasses_halfmoon.json
Modified file: facial_glasses_nerd.json
Modified file: facial_glasses_round.json
Modified file: facial_glasses_secretary.json
Modified file: facial_glasses_shades.json
Modified file: facial_glasses_sunglasses.json
Modified file: facial_mask_plain.json
Modified file: facial_monocle_left.json
Modified file: facial_monocle_left_frame.json
Modified file: facial_monocle_right.json
Modified file: facial_monocle_right_frame.json
Modified file: feet_armour.json
Modified file: feet_boots.json
Modified file: feet_boots2.json
Modified file: feet_boots_fold.json
Modified file: feet_boots_plate.json
Modified file: feet_boots_rim.json
Modified file: feet_ghillies.json
Modified file: feet_hoofs.json
Modified file: feet_sandals.json
Modified file: feet_sara.json
Modified file: feet_shoes.json
Modified file: feet_shoes2.json
Modified file: feet_slippers.json
Modified file: feet_socks_ankle.json
Modified file: feet_socks_high.json
Modified file: feet_socks_tabi.json
Modified file: hairext_braidl.json
Modified file: hairext_braidr.json
Modified file: hairext_topknot_long.json
Modified file: hairext_topknot_short.json
Modified file: hairext_xlong_bangl.json
Modified file: hairext_xlong_bangr.json
Modified file: hairext_xlong_braidl.json
Modified file: hairext_xlong_braidr.json
Modified file: hair_afro.json
Modified file: hair_balding.json
Modified file: hair_bangs.json
Modified file: hair_bangslong.json
Modified file: hair_bangslong2.json
Modified file: hair_bangsshort.json
Modified file: hair_bangs_bun.json
Modified file: hair_bedhead.json
Modified file: hair_bob.json
Modified file: hair_bob_side_part.json
Modified file: hair_braid.json
Modified file: hair_braid2.json
Modified file: hair_bunches.json
Modified file: hair_buzzcut.json
Modified file: hair_cornrows.json
Modified file: hair_cowlick.json
Modified file: hair_cowlick_tall.json
Modified file: hair_curly_long.json
Modified file: hair_curly_short.json
Modified file: hair_curly_short2.json
Modified file: hair_curtains.json
Modified file: hair_curtains_long.json
Modified file: hair_dreadlocks_long.json
Modified file: hair_dreadlocks_short.json
Modified file: hair_flat_top_fade.json
Modified file: hair_flat_top_straight.json
Modified file: hair_halfmessy.json
Modified file: hair_half_up.json
Modified file: hair_high_and_tight.json
Modified file: hair_high_ponytail.json
Modified file: hair_idol.json
Modified file: hair_jewfro.json
Modified file: hair_lob.json
Modified file: hair_long.json
Modified file: hair_longhawk.json
Modified file: hair_long_band.json
Modified file: hair_long_center_part.json
Modified file: hair_long_messy.json
Modified file: hair_long_messy2.json
Modified file: hair_long_straight.json
Modified file: hair_long_tied.json
Modified file: hair_loose.json
Modified file: hair_messed.json
Modified file: hair_messy1.json
Modified file: hair_messy2.json
Modified file: hair_messy3.json
Modified file: hair_mop.json
Modified file: hair_natural.json
Modified file: hair_page.json
Modified file: hair_page2.json
Modified file: hair_parted.json
Modified file: hair_parted2.json
Modified file: hair_parted3.json
Modified file: hair_parted_side_bangs.json
Modified file: hair_parted_side_bangs2.json
Modified file: hair_pigtails.json
Modified file: hair_pigtails_bangs.json
Modified file: hair_pixie.json
Modified file: hair_plain.json
Modified file: hair_ponytail.json
Modified file: hair_ponytail2.json
Modified file: hair_princess.json
Modified file: hair_relm_ponytail.json
Modified file: hair_relm_short.json
Modified file: hair_sara.json
Modified file: hair_shorthawk.json
Modified file: hair_shoulderl.json
Modified file: hair_shoulderr.json
Modified file: hair_single.json
Modified file: hair_spiked.json
Modified file: hair_spiked2.json
Modified file: hair_spiked_beehive.json
Modified file: hair_spiked_liberty.json
Modified file: hair_spiked_liberty2.json
Modified file: hair_spiked_porcupine.json
Modified file: hair_swoop.json
Modified file: hair_swoop_side.json
Modified file: hair_topknot_long.json
Modified file: hair_topknot_long2.json
Modified file: hair_topknot_short.json
Modified file: hair_topknot_short2.json
Modified file: hair_twists_fade.json
Modified file: hair_twists_straight.json
Modified file: hair_unkempt.json
Modified file: hair_wavy.json
Modified file: hair_xlong.json
Modified file: hat_accessory_crest.json
Modified file: hat_accessory_crest_centurion.json
Modified file: hat_accessory_horns_downward.json
Modified file: hat_accessory_horns_short.json
Modified file: hat_accessory_horns_upward.json
Modified file: hat_accessory_plumage.json
Modified file: hat_accessory_plumage_centurion.json
Modified file: hat_accessory_plumage_legion.json
Modified file: hat_accessory_wings.json
Modified file: hat_bandana.json
Modified file: hat_bandana2.json
Modified file: hat_bandana_pirate.json
Modified file: hat_bandana_pirate_skull.json
Modified file: hat_cap_bonnie.json
Modified file: hat_cap_bonnie_feather.json
Modified file: hat_cap_bonnie_tilt.json
Modified file: hat_cap_bonnie_trim.json
Modified file: hat_cap_cavalier.json
Modified file: hat_cap_cavalier_feather.json
Modified file: hat_cap_feather.json
Modified file: hat_cap_feather_alt.json
Modified file: hat_formal_bowler.json
Modified file: hat_formal_crown.json
Modified file: hat_formal_tiara.json
Modified file: hat_formal_tophat.json
Modified file: hat_headband_hairtie.json
Modified file: hat_headband_hairtie_rune.json
Modified file: hat_headband_kerchief.json
Modified file: hat_headband_thick.json
Modified file: hat_headband_thick_rune.json
Modified file: hat_headband_tied.json
Modified file: hat_helmet_armet.json
Modified file: hat_helmet_armet_simple.json
Modified file: hat_helmet_barbarian.json
Modified file: hat_helmet_barbarian_nasal.json
Modified file: hat_helmet_barbarian_viking.json
Modified file: hat_helmet_barbuta.json
Modified file: hat_helmet_barbuta_simple.json
Modified file: hat_helmet_bascinet.json
Modified file: hat_helmet_bascinet_pigface.json
Modified file: hat_helmet_bascinet_pigface_raised.json
Modified file: hat_helmet_bascinet_round.json
Modified file: hat_helmet_bascinet_round_raised.json
Modified file: hat_helmet_close.json
Modified file: hat_helmet_flattop.json
Modified file: hat_helmet_greathelm.json
Modified file: hat_helmet_horned.json
Modified file: hat_helmet_kettle.json
Modified file: hat_helmet_legion.json
Modified file: hat_helmet_mail.json
Modified file: hat_helmet_maximus.json
Modified file: hat_helmet_morion.json
Modified file: hat_helmet_nasal.json
Modified file: hat_helmet_norman.json
Modified file: hat_helmet_pointed.json
Modified file: hat_helmet_spangenhelm.json
Modified file: hat_helmet_spangenhelm_viking.json
Modified file: hat_helmet_sugarloaf.json
Modified file: hat_helmet_sugarloaf_simple.json
Modified file: hat_helmet_xeon.json
Modified file: hat_holiday_christmas.json
Modified file: hat_holiday_elf.json
Modified file: hat_holiday_santa.json
Modified file: hat_hood_cloth.json
Modified file: hat_hood_hijab.json
Modified file: hat_hood_sack_cloth.json
Modified file: hat_magic_misc.json
Modified file: hat_magic_wizard.json
Modified file: hat_magic_wizard_belt.json
Modified file: hat_magic_wizard_buckle.json
Modified file: hat_pirate_bicorne_athwart.json
Modified file: hat_pirate_bicorne_athwart_admiral.json
Modified file: hat_pirate_bicorne_athwart_admiral_cockade.json
Modified file: hat_pirate_bicorne_athwart_commodore.json
Modified file: hat_pirate_bicorne_athwart_pirate.json
Modified file: hat_pirate_bicorne_foreaft.json
Modified file: hat_pirate_bicorne_foreaft_commodore.json
Modified file: hat_pirate_tricorne.json
Modified file: hat_pirate_tricorne_captain.json
Modified file: hat_pirate_tricorne_captain_pirate.json
Modified file: hat_pirate_tricorne_lieutenant.json
Modified file: hat_pirate_tricorne_stitched.json
Modified file: hat_pirate_tricorne_thatch.json
Modified file: hat_visor_grated.json
Modified file: hat_visor_grated_narrow.json
Modified file: hat_visor_horned.json
Modified file: hat_visor_pigface.json
Modified file: hat_visor_pigface_raised.json
Modified file: hat_visor_round.json
Modified file: hat_visor_round_raised.json
Modified file: hat_visor_slit.json
Modified file: hat_visor_slit_narrow.json
Modified file: heads_alien.json
Modified file: heads_boarman.json
Modified file: heads_boarman_child.json
Modified file: heads_frankenstein.json
Modified file: heads_goblin.json
Modified file: heads_goblin_child.json
Modified file: heads_human_child.json
Modified file: heads_human_elderly_small.json
Modified file: heads_human_female.json
Modified file: heads_human_female_elderly.json
Modified file: heads_human_female_small.json
Modified file: heads_human_male.json
Modified file: heads_human_male_elderly.json
Modified file: heads_human_male_gaunt.json
Modified file: heads_human_male_plump.json
Modified file: heads_human_male_small.json
Modified file: heads_jack.json
Modified file: heads_lizard_child.json
Modified file: heads_lizard_female.json
Modified file: heads_lizard_male.json
Modified file: heads_minotaur.json
Modified file: heads_minotaur_child.json
Modified file: heads_minotaur_female.json
Modified file: heads_mouse.json
Modified file: heads_mouse_child.json
Modified file: heads_orc_child.json
Modified file: heads_orc_female.json
Modified file: heads_orc_male.json
Modified file: heads_pig.json
Modified file: heads_pig_child.json
Modified file: heads_rabbit.json
Modified file: heads_rabbit_child.json
Modified file: heads_rat.json
Modified file: heads_rat_child.json
Modified file: heads_sheep.json
Modified file: heads_sheep_child.json
Modified file: heads_skeleton.json
Modified file: heads_troll.json
Modified file: heads_troll_child.json
Modified file: heads_vampire.json
Modified file: heads_wartotaur.json
Modified file: heads_wolf_child.json
Modified file: heads_wolf_female.json
Modified file: heads_wolf_male.json
Modified file: heads_zombie.json
Modified file: head_ears_avyon.json
Modified file: head_ears_avyon_skin.json
Modified file: head_ears_big.json
Modified file: head_ears_cat.json
Modified file: head_ears_cat_skin.json
Modified file: head_ears_down.json
Modified file: head_ears_dragon.json
Modified file: head_ears_elven.json
Modified file: head_ears_hang.json
Modified file: head_ears_long.json
Modified file: head_ears_lykon.json
Modified file: head_ears_lykon_skin.json
Modified file: head_ears_medium.json
Modified file: head_ears_wolf.json
Modified file: head_ears_wolf_skin.json
Modified file: head_ears_zabos.json
Modified file: head_ears_zabos_skin.json
Modified file: head_fins_fin.json
Modified file: head_fins_fin_short.json
Modified file: head_horns_backwards.json
Modified file: head_horns_curled.json
Modified file: head_nose_big.json
Modified file: head_nose_button.json
Modified file: head_nose_elderly.json
Modified file: head_nose_large.json
Modified file: head_nose_straight.json
Modified file: head_wrinkles.json
Modified file: legs_armour.json
Modified file: legs_childpants.json
Modified file: legs_childskirts.json
Modified file: legs_cuffed.json
Modified file: legs_hose.json
Modified file: legs_leggings.json
Modified file: legs_leggings2.json
Modified file: legs_pantaloons.json
Modified file: legs_pants.json
Modified file: legs_pants2.json
Modified file: legs_pregnantpants.json
Modified file: legs_shorts.json
Modified file: legs_shorts_short.json
Modified file: legs_skirts_legion.json
Modified file: legs_skirts_plain.json
Modified file: legs_skirts_slit.json
Modified file: legs_skirt_belle.json
Modified file: legs_skirt_overskirt.json
Modified file: legs_skirt_straight.json
Modified file: legs_widepants.json
Modified file: neck_bowtie.json
Modified file: neck_bowtie2.json
Modified file: neck_capeclip.json
Modified file: neck_capetie.json
Modified file: neck_cravat.json
Modified file: neck_jabot.json
Modified file: neck_necklace.json
Modified file: neck_necktie.json
Modified file: neck_scarf.json
Modified file: prosthesis_hook.json
Modified file: prosthesis_peg_leg.json
Modified file: quiver.json
Modified file: shadow.json
Modified file: shield.json
Modified file: shield_crusader.json
Modified file: shield_heater_paint.json
Modified file: shield_heater_pattern.json
Modified file: shield_heater_pattern_barry.json
Modified file: shield_heater_pattern_bend.json
Modified file: shield_heater_pattern_bendy.json
Modified file: shield_heater_pattern_bendy_sinister.json
Modified file: shield_heater_pattern_bend_sinister.json
Modified file: shield_heater_pattern_bordure.json
Modified file: shield_heater_pattern_chevron.json
Modified file: shield_heater_pattern_chevron_inverted.json
Modified file: shield_heater_pattern_chief.json
Modified file: shield_heater_pattern_cross.json
Modified file: shield_heater_pattern_fess.json
Modified file: shield_heater_pattern_lozengy.json
Modified file: shield_heater_pattern_pale.json
Modified file: shield_heater_pattern_pall.json
Modified file: shield_heater_pattern_paly.json
Modified file: shield_heater_pattern_per_bend.json
Modified file: shield_heater_pattern_per_bend_sinister.json
Modified file: shield_heater_pattern_per_chevron.json
Modified file: shield_heater_pattern_per_chevron_inverted.json
Modified file: shield_heater_pattern_per_fess.json
Modified file: shield_heater_pattern_per_pale.json
Modified file: shield_heater_pattern_per_saltire.json
Modified file: shield_heater_pattern_quarterly.json
Modified file: shield_heater_pattern_saltire.json
Modified file: shield_heater_revised_paint.json
Modified file: shield_heater_revised_pattern_barry.json
Modified file: shield_heater_revised_pattern_bend.json
Modified file: shield_heater_revised_pattern_bendy.json
Modified file: shield_heater_revised_pattern_bendy_sinister.json
Modified file: shield_heater_revised_pattern_bend_sinister.json
Modified file: shield_heater_revised_pattern_bordure.json
Modified file: shield_heater_revised_pattern_chevron.json
Modified file: shield_heater_revised_pattern_chevron_inverted.json
Modified file: shield_heater_revised_pattern_chief.json
Modified file: shield_heater_revised_pattern_cross.json
Modified file: shield_heater_revised_pattern_fess.json
Modified file: shield_heater_revised_pattern_lozengy.json
Modified file: shield_heater_revised_pattern_pale.json
Modified file: shield_heater_revised_pattern_pall.json
Modified file: shield_heater_revised_pattern_paly.json
Modified file: shield_heater_revised_pattern_per_bend.json
Modified file: shield_heater_revised_pattern_per_bend_sinister.json
Modified file: shield_heater_revised_pattern_per_chevron.json
Modified file: shield_heater_revised_pattern_per_chevron_inverted.json
Modified file: shield_heater_revised_pattern_per_fess.json
Modified file: shield_heater_revised_pattern_per_pale.json
Modified file: shield_heater_revised_pattern_per_saltire.json
Modified file: shield_heater_revised_pattern_quarterly.json
Modified file: shield_heater_revised_pattern_saltire.json
Modified file: shield_heater_revised_trim.json
Modified file: shield_heater_revised_wood.json
Modified file: shield_heater_trim.json
Modified file: shield_heater_wood.json
Modified file: shield_plus.json
Modified file: shield_scutum.json
Modified file: shield_scutum_trim.json
Modified file: shield_spartan.json
Modified file: shield_two_engrailed.json
Modified file: shield_two_engrailed_trim.json
Modified file: shoulders_epaulets.json
Modified file: shoulders_leather.json
Modified file: shoulders_legion.json
Modified file: shoulders_mantal.json
Modified file: shoulders_plate.json
Modified file: tail_cat.json
Modified file: tail_dragon.json
Modified file: tail_feather.json
Modified file: tail_fin.json
Modified file: tail_lizard.json
Modified file: tail_lizard_alt.json
Modified file: tail_wolf.json
Modified file: tail_wolf_fluffy.json
Modified file: tool_rod.json
Modified file: tool_smash.json
Modified file: tool_thrust.json
Modified file: tool_whip.json
Modified file: torso_aprons_apron.json
Modified file: torso_aprons_apron_full.json
Modified file: torso_aprons_apron_half.json
Modified file: torso_aprons_overalls.json
Modified file: torso_aprons_suspenders.json
Modified file: torso_armour_leather.json
Modified file: torso_armour_legion.json
Modified file: torso_armour_plate.json
Modified file: torso_bandages.json
Modified file: torso_chainmail.json
Modified file: torso_clothes_blouse.json
Modified file: torso_clothes_blouse_longsleeve.json
Modified file: torso_clothes_child_shirt.json
Modified file: torso_clothes_corset.json
Modified file: torso_clothes_longsleeve.json
Modified file: torso_clothes_longsleeve2.json
Modified file: torso_clothes_longsleeve2_buttoned.json
Modified file: torso_clothes_longsleeve2_cardigan.json
Modified file: torso_clothes_longsleeve2_polo.json
Modified file: torso_clothes_longsleeve2_scoop.json
Modified file: torso_clothes_longsleeve2_vneck.json
Modified file: torso_clothes_longsleeve_formal.json
Modified file: torso_clothes_longsleeve_formal_striped.json
Modified file: torso_clothes_longsleeve_laced.json
Modified file: torso_clothes_longsleeve_scoop.json
Modified file: torso_clothes_robe.json
Modified file: torso_clothes_shortsleeve.json
Modified file: torso_clothes_shortsleeve_polo.json
Modified file: torso_clothes_sleeveless.json
Modified file: torso_clothes_sleeveless2.json
Modified file: torso_clothes_sleeveless2_buttoned.json
Modified file: torso_clothes_sleeveless2_polo.json
Modified file: torso_clothes_sleeveless2_scoop.json
Modified file: torso_clothes_sleeveless2_vneck.json
Modified file: torso_clothes_sleeveless_laced.json
Modified file: torso_clothes_sleeveless_striped.json
Modified file: torso_clothes_sleeveless_tanktop.json
Modified file: torso_clothes_tshirt.json
Modified file: torso_clothes_tshirt_buttoned.json
Modified file: torso_clothes_tshirt_scoop.json
Modified file: torso_clothes_tshirt_vneck.json
Modified file: torso_clothes_tunic.json
Modified file: torso_clothes_tunic_sara.json
Modified file: torso_clothes_vest.json
Modified file: torso_clothes_vest_open.json
Modified file: torso_jacket_collared.json
Modified file: torso_jacket_frock.json
Modified file: torso_jacket_frock_buttons.json
Modified file: torso_jacket_frock_collar.json
Modified file: torso_jacket_frock_lace.json
Modified file: torso_jacket_frock_lapel.json
Modified file: torso_jacket_iverness.json
Modified file: torso_jacket_pockets.json
Modified file: torso_jacket_santa.json
Modified file: torso_jacket_tabard.json
Modified file: torso_jacket_trench.json
Modified file: weapon_blunt_club.json
Modified file: weapon_blunt_flail.json
Modified file: weapon_blunt_mace.json
Modified file: weapon_blunt_waraxe.json
Modified file: weapon_magic_crystal.json
Modified file: weapon_magic_diamond.json
Modified file: weapon_magic_gnarled.json
Modified file: weapon_magic_loop.json
Modified file: weapon_magic_s.json
Modified file: weapon_magic_simple.json
Modified file: weapon_polearm_cane.json
Modified file: weapon_polearm_dragonspear.json
Modified file: weapon_polearm_halberd.json
Modified file: weapon_polearm_longspear.json
Modified file: weapon_polearm_scythe.json
Modified file: weapon_polearm_spear.json
Modified file: weapon_polearm_trident.json
Modified file: weapon_ranged_boomerang.json
Modified file: weapon_ranged_bow_arrow.json
Modified file: weapon_ranged_bow_great.json
Modified file: weapon_ranged_bow_normal.json
Modified file: weapon_ranged_bow_recurve.json
Modified file: weapon_ranged_crossbow.json
Modified file: weapon_ranged_slingshot.json
Modified file: weapon_sword_arming.json
Modified file: weapon_sword_dagger.json
Modified file: weapon_sword_glowsword.json
Modified file: weapon_sword_katana.json
Modified file: weapon_sword_longsword.json
Modified file: weapon_sword_longsword_alt.json
Modified file: weapon_sword_rapier.json
Modified file: weapon_sword_saber.json
Modified file: weapon_sword_scimitar.json
Modified file: wings_bat.json
Modified file: wings_dragonfly.json
Modified file: wings_dragonfly_transparent.json
Modified file: wings_feathered.json
Modified file: wings_lizard.json
Modified file: wings_lizard_alt.json
Modified file: wings_lizard_bat.json
Modified file: wings_lunar.json
Modified file: wings_monarch.json
Modified file: wings_monarch_dots.json
Modified file: wings_monarch_edge.json
Modified file: wings_pixie.json
Modified file: wings_pixie_transparent.json
Modified file: wound_arm.json
Modified file: wound_brain.json
Modified file: wound_eye.json
Modified file: wound_mouth.json
Modified file: wound_ribs.json
Modified file: wrists_cuffs.json
Modified file: wrists_cuffs_lace.json
